  pch.cpp
  Editor.cpp
  Main.cpp
  ResourceManager.cpp
  Utility.cpp
C:\Dev\SlimeAttack\Editor\Source\Editor.cpp(119,108): warning C4244: 'argument': conversion from 'float' to 'int', possible loss of data
C:\Dev\SlimeAttack\Editor\Source\Editor.cpp(119,81): warning C4244: 'argument': conversion from 'float' to 'int', possible loss of data
C:\Dev\SlimeAttack\Editor\Source\Editor.cpp(119,58): warning C4244: 'argument': conversion from 'float' to 'int', possible loss of data
C:\Dev\SlimeAttack\Editor\Source\Editor.cpp(119,35): warning C4244: 'argument': conversion from 'float' to 'int', possible loss of data
C:\Dev\SlimeAttack\Editor\Source\Editor.cpp(123,58): warning C4244: 'argument': conversion from 'float' to 'int', possible loss of data
C:\Dev\SlimeAttack\Editor\Source\Editor.cpp(123,36): warning C4244: 'argument': conversion from 'float' to 'int', possible loss of data
C:\Dev\SlimeAttack\Editor\Source\Editor.cpp(127,56): warning C4244: 'argument': conversion from 'float' to 'int', possible loss of data
C:\Dev\SlimeAttack\Editor\Source\Editor.cpp(127,35): warning C4244: 'argument': conversion from 'float' to 'int', possible loss of data
C:\Dev\SlimeAttack\Editor\Source\Editor.cpp(131,60): warning C4244: 'argument': conversion from 'float' to 'int', possible loss of data
C:\Dev\SlimeAttack\Editor\Source\Editor.cpp(131,37): warning C4244: 'argument': conversion from 'float' to 'int', possible loss of data
C:\Dev\SlimeAttack\Editor\Source\Editor.cpp(265,16): warning C4129: 'E': unrecognized character escape sequence
C:\Dev\SlimeAttack\Editor\Source\Editor.cpp(293,16): warning C4129: 'E': unrecognized character escape sequence
C:\Dev\SlimeAttack\Editor\Source\Editor.cpp(315,31): warning C4244: '=': conversion from 'int' to 'float', possible loss of data
  Editor.vcxproj -> C:\Dev\SlimeAttack\Build\Bin\Win64_Debug\Editor.exe
          1 file(s) copied.
          1 file(s) copied.
